water/frag
0(46) : error C1503: undefined variable "DrawNormal"

water/frag
0(46) : error C1503: undefined variable "DrawNormal"

water/frag
0(46) : error C1503: undefined variable "DrawNormal"

water/frag
0(46) : error C1503: undefined variable "DrawNormal"

water/frag
0(46) : error C1503: undefined variable "DrawNormal"

water/frag
0(46) : error C1503: undefined variable "DrawNormal"

water/frag
0(46) : error C1503: undefined variable "DrawNormal"

water/frag
0(46) : error C1503: undefined variable "DrawNormal"

water/frag
0(46) : error C1503: undefined variable "DrawNormal"

water/frag
0(46) : error C1503: undefined variable "DrawNormal"

water/frag
0(46) : error C1503: undefined variable "DrawNormal"

water/frag
0(46) : error C1503: undefined variable "DrawNormal"

water/frag
0(46) : error C1503: undefined variable "DrawNormal"

water/frag
0(46) : error C1503: undefined variable "DrawNormal"

water/frag
0(46) : error C1503: undefined variable "DrawNormal"

water/frag
0(46) : error C1503: undefined variable "DrawNormal"

water/frag
0(46) : error C1503: undefined variable "DrawNormal"

water/frag
0(46) : error C1503: undefined variable "DrawNormal"

water/frag
0(46) : error C1503: undefined variable "DrawNormal"

water/frag
0(46) : error C1503: undefined variable "DrawNormal"

water/frag
0(46) : error C1503: undefined variable "DrawNormal"

water/frag
0(46) : error C1503: undefined variable "DrawNormal"

water/frag
0(48) : error C1503: undefined variable "DrawNormal"

water/frag
0(48) : error C1503: undefined variable "DrawNormal"

water/frag
0(48) : error C1503: undefined variable "DrawNormal"

water/frag
0(48) : error C1503: undefined variable "DrawNormal"

water/frag
0(48) : error C1503: undefined variable "DrawNormal"

water/frag
0(48) : error C1503: undefined variable "DrawNormal"

water/frag
0(48) : error C1503: undefined variable "DrawNormal"

water/frag
0(48) : error C1503: undefined variable "DrawNormal"

water/frag
0(48) : error C1503: undefined variable "DrawNormal"

water/frag
0(48) : error C1503: undefined variable "DrawNormal"

water/frag
0(48) : error C1503: undefined variable "DrawNormal"

water/frag
0(48) : error C1503: undefined variable "DrawNormal"

water/frag
0(48) : error C1503: undefined variable "DrawNormal"

water/frag
0(48) : error C1503: undefined variable "DrawNormal"

water/frag
0(48) : error C1503: undefined variable "DrawNormal"

water/frag
0(48) : error C1503: undefined variable "DrawNormal"

water/frag
0(48) : error C1503: undefined variable "DrawNormal"

water/frag
0(48) : error C1503: undefined variable "DrawNormal"

water/frag
0(48) : error C1503: undefined variable "DrawNormal"

water/frag
0(48) : error C1503: undefined variable "DrawNormal"

water/frag
0(48) : error C1503: undefined variable "DrawNormal"

water/frag
0(48) : error C1503: undefined variable "DrawNormal"

water/frag
0(48) : error C1503: undefined variable "DrawNormal"

water/frag
0(48) : error C1503: undefined variable "DrawNormal"

water/frag
0(48) : error C1503: undefined variable "DrawNormal"

water/frag
0(48) : error C1503: undefined variable "DrawNormal"

water/frag
0(48) : error C1503: undefined variable "DrawNormal"

water/frag
0(48) : error C1503: undefined variable "DrawNormal"

water/frag
0(48) : error C1503: undefined variable "DrawNormal"

water/frag
0(48) : error C1503: undefined variable "DrawNormal"

water/PROG error
Link info
---------
error: "DrawPos" not declared as input from previous stage

water/PROG error
Link info
---------
error: "DrawPos" not declared as input from previous stage

water/PROG error
Link info
---------
error: "DrawPos" not declared as input from previous stage

water/PROG error
Link info
---------
error: "DrawPos" not declared as input from previous stage

water/PROG error
Link info
---------
error: "DrawPos" not declared as input from previous stage

water/PROG error
Link info
---------
error: "DrawPos" not declared as input from previous stage

water/PROG error
Link info
---------
error: "DrawPos" not declared as input from previous stage

water/PROG error
Link info
---------
error: "DrawPos" not declared as input from previous stage

water/PROG error
Link info
---------
error: "DrawPos" not declared as input from previous stage

water/PROG error
Link info
---------
error: "DrawPos" not declared as input from previous stage

water/PROG error
Link info
---------
error: "DrawPos" not declared as input from previous stage

water/PROG error
Link info
---------
error: "DrawPos" not declared as input from previous stage

water/PROG error
Geometry info
-------------
0(10) : error C5108: unknown semantics "ATTR0.xyz" specified for "DrawPos"

water/PROG error
Geometry info
-------------
0(10) : error C5108: unknown semantics "ATTR0.xyz" specified for "DrawPos"

water/PROG error
Geometry info
-------------
0(10) : error C5108: unknown semantics "ATTR0.xyz" specified for "DrawPos"

water/PROG error
Geometry info
-------------
0(10) : error C5108: unknown semantics "ATTR0.xyz" specified for "DrawPos"

water/PROG error
Geometry info
-------------
0(10) : error C5108: unknown semantics "ATTR0.xyz" specified for "DrawPos"

water/PROG error
Geometry info
-------------
0(10) : error C5108: unknown semantics "ATTR0.xyz" specified for "DrawPos"

water/PROG error
Geometry info
-------------
0(10) : error C5108: unknown semantics "ATTR0.xyz" specified for "DrawPos"

water/PROG error
Geometry info
-------------
0(10) : error C5108: unknown semantics "ATTR0.xyz" specified for "DrawPos"

water/PROG error
Geometry info
-------------
0(10) : error C5108: unknown semantics "ATTR0.xyz" specified for "DrawPos"

water/PROG error
Geometry info
-------------
0(10) : error C5108: unknown semantics "ATTR0.xyz" specified for "DrawPos"

water/PROG error
Geometry info
-------------
0(10) : error C5108: unknown semantics "ATTR0.xyz" specified for "DrawPos"

water/PROG error
Geometry info
-------------
0(10) : error C5108: unknown semantics "ATTR0.xyz" specified for "DrawPos"

water/PROG error
Geometry info
-------------
0(10) : error C5108: unknown semantics "ATTR0.xyz" specified for "DrawPos"

water/PROG error
Geometry info
-------------
0(10) : error C5108: unknown semantics "ATTR0.xyz" specified for "DrawPos"

water/PROG error
Geometry info
-------------
0(10) : error C5108: unknown semantics "ATTR0.xyz" specified for "DrawPos"

water/PROG error
Geometry info
-------------
0(10) : error C5108: unknown semantics "ATTR0.xyz" specified for "DrawPos"

water/PROG error
Geometry info
-------------
0(10) : error C5108: unknown semantics "ATTR0.xyz" specified for "DrawPos"

water/PROG error
Geometry info
-------------
0(10) : error C5108: unknown semantics "ATTR0.xyz" specified for "DrawPos"

water/PROG error
Geometry info
-------------
0(10) : error C5108: unknown semantics "ATTR0.xyz" specified for "DrawPos"

water/PROG error
Geometry info
-------------
0(10) : error C5108: unknown semantics "ATTR0.xyz" specified for "DrawPos"

water/PROG error
Geometry info
-------------
0(10) : error C5108: unknown semantics "ATTR0.xyz" specified for "DrawPos"

water/PROG error
Geometry info
-------------
0(10) : error C5108: unknown semantics "ATTR0.xyz" specified for "DrawPos"

water/PROG error
Geometry info
-------------
0(10) : error C5108: unknown semantics "ATTR0.xyz" specified for "DrawPos"

water/PROG error
Geometry info
-------------
0(10) : error C5108: unknown semantics "ATTR0.xyz" specified for "DrawPos"

water/PROG error
Geometry info
-------------
0(10) : error C5108: unknown semantics "ATTR0.xyz" specified for "DrawPos"

water/geom
0(15) : error C7011: implicit cast from "vec3" to "vec2"
0(15) : error C1067: too little data in type constructor
0(18) : error C7011: implicit cast from "vec3" to "vec2"
0(18) : error C1067: too little data in type constructor
0(21) : error C7011: implicit cast from "vec3" to "vec2"
0(21) : error C1067: too little data in type constructor
0(24) : error C7011: implicit cast from "vec3" to "vec2"
0(24) : error C1067: too little data in type constructor

water/geom
0(15) : error C7011: implicit cast from "vec3" to "vec2"
0(15) : error C1067: too little data in type constructor
0(18) : error C7011: implicit cast from "vec3" to "vec2"
0(18) : error C1067: too little data in type constructor
0(21) : error C7011: implicit cast from "vec3" to "vec2"
0(21) : error C1067: too little data in type constructor
0(24) : error C7011: implicit cast from "vec3" to "vec2"
0(24) : error C1067: too little data in type constructor

water/geom
0(15) : error C7011: implicit cast from "vec3" to "vec2"
0(15) : error C1067: too little data in type constructor
0(18) : error C7011: implicit cast from "vec3" to "vec2"
0(18) : error C1067: too little data in type constructor
0(21) : error C7011: implicit cast from "vec3" to "vec2"
0(21) : error C1067: too little data in type constructor
0(24) : error C7011: implicit cast from "vec3" to "vec2"
0(24) : error C1067: too little data in type constructor

water/geom
0(15) : error C7011: implicit cast from "vec3" to "vec2"
0(15) : error C1067: too little data in type constructor
0(18) : error C7011: implicit cast from "vec3" to "vec2"
0(18) : error C1067: too little data in type constructor
0(21) : error C7011: implicit cast from "vec3" to "vec2"
0(21) : error C1067: too little data in type constructor
0(24) : error C7011: implicit cast from "vec3" to "vec2"
0(24) : error C1067: too little data in type constructor

water/geom
0(15) : error C7011: implicit cast from "vec3" to "vec2"
0(15) : error C1067: too little data in type constructor
0(18) : error C7011: implicit cast from "vec3" to "vec2"
0(18) : error C1067: too little data in type constructor
0(21) : error C7011: implicit cast from "vec3" to "vec2"
0(21) : error C1067: too little data in type constructor
0(24) : error C7011: implicit cast from "vec3" to "vec2"
0(24) : error C1067: too little data in type constructor

water/geom
0(15) : error C7011: implicit cast from "vec3" to "vec2"
0(15) : error C1067: too little data in type constructor
0(18) : error C7011: implicit cast from "vec3" to "vec2"
0(18) : error C1067: too little data in type constructor
0(21) : error C7011: implicit cast from "vec3" to "vec2"
0(21) : error C1067: too little data in type constructor
0(24) : error C7011: implicit cast from "vec3" to "vec2"
0(24) : error C1067: too little data in type constructor

water/frag
0(52) : error C7011: implicit cast from "vec4" to "vec3"

water/frag
0(52) : error C7011: implicit cast from "vec4" to "vec3"

water/frag
0(52) : error C7011: implicit cast from "vec4" to "vec3"

water/frag
0(49) : error C1060: incompatible types in initialization
0(49) : error C1056: invalid initialization
0(52) : error C7011: implicit cast from "vec4" to "vec3"

water/frag
0(49) : error C1060: incompatible types in initialization
0(49) : error C1056: invalid initialization
0(52) : error C7011: implicit cast from "vec4" to "vec3"

water/frag
0(49) : error C1060: incompatible types in initialization
0(49) : error C1056: invalid initialization
0(52) : error C7011: implicit cast from "vec4" to "vec3"

water/frag
0(49) : error C1060: incompatible types in initialization
0(49) : error C1056: invalid initialization
0(52) : error C7011: implicit cast from "vec4" to "vec3"

water/frag
0(49) : error C1060: incompatible types in initialization
0(49) : error C1056: invalid initialization
0(52) : error C7011: implicit cast from "vec4" to "vec3"

water/frag
0(49) : error C1060: incompatible types in initialization
0(49) : error C1056: invalid initialization
0(52) : error C7011: implicit cast from "vec4" to "vec3"

water/frag
0(49) : error C1060: incompatible types in initialization
0(49) : error C1056: invalid initialization
0(52) : error C7011: implicit cast from "vec4" to "vec3"

water/frag
Error load file
water/frag
0(33) : error C7011: implicit cast from "int" to "vec3"

water/frag
0(33) : error C7011: implicit cast from "int" to "vec3"

water/frag
0(33) : error C7011: implicit cast from "int" to "vec3"

water/frag
0(33) : error C7011: implicit cast from "int" to "vec3"

water/frag
0(33) : error C7011: implicit cast from "int" to "vec3"

default/frag
0(53) : error C1048: invalid character 'Y' in swizzle "Y"
0(53) : error C1068: array index out of bounds

default/frag
0(53) : error C1048: invalid character 'Y' in swizzle "Y"
0(53) : error C1068: array index out of bounds

default/frag
0(53) : error C1048: invalid character 'Y' in swizzle "Y"
0(53) : error C1068: array index out of bounds

default/frag
0(53) : error C1048: invalid character 'Y' in swizzle "Y"
0(53) : error C1068: array index out of bounds

default/frag
0(53) : error C1048: invalid character 'Y' in swizzle "Y"
0(53) : error C1068: array index out of bounds

default/frag
0(53) : error C1048: invalid character 'Y' in swizzle "Y"
0(53) : error C1068: array index out of bounds

default/frag
0(53) : error C1048: invalid character 'Y' in swizzle "Y"
0(53) : error C1068: array index out of bounds

default/frag
0(53) : error C1048: invalid character 'Y' in swizzle "Y"
0(53) : error C1068: array index out of bounds

default/frag
0(53) : error C1048: invalid character 'Y' in swizzle "Y"
0(53) : error C1068: array index out of bounds

default/frag
0(53) : error C1048: invalid character 'Y' in swizzle "Y"
0(53) : error C1068: array index out of bounds

default/frag
0(53) : error C1048: invalid character 'Y' in swizzle "Y"
0(53) : error C1068: array index out of bounds

default/frag
0(53) : error C1048: invalid character 'Y' in swizzle "Y"
0(53) : error C1068: array index out of bounds

default/frag
0(53) : error C1048: invalid character 'Y' in swizzle "Y"
0(53) : error C1068: array index out of bounds

default/frag
0(53) : error C1048: invalid character 'Y' in swizzle "Y"
0(53) : error C1068: array index out of bounds

default/frag
0(53) : error C1048: invalid character 'Y' in swizzle "Y"
0(53) : error C1068: array index out of bounds

default/frag
0(53) : error C1048: invalid character 'Y' in swizzle "Y"
0(53) : error C1068: array index out of bounds

default/frag
0(53) : error C1048: invalid character 'Y' in swizzle "Y"
0(53) : error C1068: array index out of bounds

default/frag
0(53) : error C1048: invalid character 'Y' in swizzle "Y"
0(53) : error C1068: array index out of bounds

default/frag
0(53) : error C1048: invalid character 'Y' in swizzle "Y"
0(53) : error C1068: array index out of bounds

default/frag
0(53) : error C1048: invalid character 'Y' in swizzle "Y"
0(53) : error C1068: array index out of bounds

default/frag
0(53) : error C1048: invalid character 'Y' in swizzle "Y"
0(53) : error C1068: array index out of bounds

default/frag
0(53) : error C1048: invalid character 'Y' in swizzle "Y"
0(53) : error C1068: array index out of bounds

default/frag
0(53) : error C1048: invalid character 'Y' in swizzle "Y"
0(53) : error C1068: array index out of bounds

default/frag
0(53) : error C1048: invalid character 'Y' in swizzle "Y"
0(53) : error C1068: array index out of bounds

default/frag
0(53) : error C1048: invalid character 'Y' in swizzle "Y"
0(53) : error C1068: array index out of bounds

default/frag
0(53) : error C1048: invalid character 'Y' in swizzle "Y"
0(53) : error C1068: array index out of bounds

default/frag
0(53) : error C1048: invalid character 'Y' in swizzle "Y"
0(53) : error C1068: array index out of bounds

default/frag
0(53) : error C1048: invalid character 'Y' in swizzle "Y"
0(53) : error C1068: array index out of bounds

default/frag
0(53) : error C1048: invalid character 'Y' in swizzle "Y"
0(53) : error C1068: array index out of bounds

land/frag
0(50) : error C1503: undefined variable "TexUV"
0(53) : error C1048: invalid character 'Y' in swizzle "Y"
0(53) : error C1068: array index out of bounds

land/frag
0(50) : error C1503: undefined variable "TexUV"
0(53) : error C1048: invalid character 'Y' in swizzle "Y"
0(53) : error C1068: array index out of bounds

land/frag
0(50) : error C1503: undefined variable "TexUV"
0(53) : error C1048: invalid character 'Y' in swizzle "Y"
0(53) : error C1068: array index out of bounds

land/frag
0(50) : error C1503: undefined variable "TexUV"
0(53) : error C1048: invalid character 'Y' in swizzle "Y"
0(53) : error C1068: array index out of bounds

land/frag
0(50) : error C1503: undefined variable "TexUV"
0(53) : error C1048: invalid character 'Y' in swizzle "Y"
0(53) : error C1068: array index out of bounds

land/frag
0(50) : error C1503: undefined variable "TexUV"
0(53) : error C1048: invalid character 'Y' in swizzle "Y"
0(53) : error C1068: array index out of bounds

land/frag
0(54) : error C1048: invalid character 'Y' in swizzle "Y"
0(54) : error C1068: array index out of bounds

land/frag
0(54) : error C1048: invalid character 'Y' in swizzle "Y"
0(54) : error C1068: array index out of bounds

land/frag
0(54) : error C1048: invalid character 'Y' in swizzle "Y"
0(54) : error C1068: array index out of bounds

land/frag
0(54) : error C1048: invalid character 'Y' in swizzle "Y"
0(54) : error C1068: array index out of bounds

land/frag
0(54) : error C1048: invalid character 'Y' in swizzle "Y"
0(54) : error C1068: array index out of bounds

land/frag
0(54) : error C1048: invalid character 'Y' in swizzle "Y"
0(54) : error C1068: array index out of bounds

land/frag
0(54) : error C1048: invalid character 'Y' in swizzle "Y"
0(54) : error C1068: array index out of bounds

land/frag
0(54) : error C1048: invalid character 'Y' in swizzle "Y"
0(54) : error C1068: array index out of bounds

land/frag
0(54) : error C1048: invalid character 'Y' in swizzle "Y"
0(54) : error C1068: array index out of bounds

land/frag
0(54) : error C1048: invalid character 'Y' in swizzle "Y"
0(54) : error C1068: array index out of bounds

land/frag
0(54) : error C1048: invalid character 'Y' in swizzle "Y"
0(54) : error C1068: array index out of bounds

land/frag
0(54) : error C1048: invalid character 'Y' in swizzle "Y"
0(54) : error C1068: array index out of bounds

water/PROG error
Link info
---------
error: "DrawPos" not declared as an output from the previous stage

default/frag
Error load file
